-------------------------------------------------------------------------------
Test set: org.example.repository.ProductRepositoryTest
-------------------------------------------------------------------------------
Tests run: 4, Failures: 1, Errors: 0, Skipped: 0, Time elapsed: 10.69 s <<< FAILURE! - in org.example.repository.ProductRepositoryTest
org.example.repository.ProductRepositoryTest.testFindById  Time elapsed: 0.022 s  <<< FAILURE!
java.lang.AssertionError
	at org.example.repository.ProductRepositoryTest.testFindById(ProductRepositoryTest.java:30)

