<?xml version="1.0" encoding="UTF-8"?>
<testsuite xmlns:xsi="http://www.w3.org/2001/XMLSchema-instance" xsi:noNamespaceSchemaLocation="https://maven.apache.org/surefire/maven-surefire-plugin/xsd/surefire-test-report-3.0.xsd" version="3.0" name="org.example.repository.ProductRepositoryTest" time="10.69" tests="4" errors="0" skipped="0" failures="1">
  <properties>
[...]
</properties>
  <testcase name="testFindProductsByName" classname="org.example.repository.ProductRepositoryTest" time="0.847">
    <system-out><![CDATA[13:49:15.895 [main] DEBUG org.springframework.test.context.junit4.SpringJUnit4ClassRunner - SpringJUnit4ClassRunner constructor called with [class org.example.repository.ProductRepositoryTest]
13:49:15.900 [main] DEBUG org.springframework.test.context.BootstrapUtils - Instantiating CacheAwareContextLoaderDelegate from class [org.springframework.test.context.cache.DefaultCacheAwareContextLoaderDelegate]
13:49:15.910 [main] DEBUG org.springframework.test.context.BootstrapUtils - Instantiating BootstrapContext using constructor [public org.springframework.test.context.support.DefaultBootstrapContext(java.lang.Class,org.springframework.test.context.CacheAwareContextLoaderDelegate)]
13:49:15.940 [main] DEBUG org.springframework.test.context.BootstrapUtils - Instantiating TestContextBootstrapper for test class [org.example.repository.ProductRepositoryTest] from class [org.springframework.boot.test.context.SpringBootTestContextBootstrapper]
13:49:15.962 [main] INFO org.springframework.boot.test.context.SpringBootTestContextBootstrapper - Neither @ContextConfiguration nor @ContextHierarchy found for test class [org.example.repository.ProductRepositoryTest], using SpringBootContextLoader
13:49:15.966 [main] DEBUG org.springframework.test.context.support.AbstractContextLoader - Did not detect default resource location for test class [org.example.repository.ProductRepositoryTest]: class path resource [org/example/repository/ProductRepositoryTest-context.xml] does not exist
13:49:15.967 [main] DEBUG org.springframework.test.context.support.AbstractContextLoader - Did not detect default resource location for test class [org.example.repository.ProductRepositoryTest]: class path resource [org/example/repository/ProductRepositoryTestContext.groovy] does not exist
13:49:15.967 [main] INFO org.springframework.test.context.support.AbstractContextLoader - Could not detect default resource locations for test class [org.example.repository.ProductRepositoryTest]: no resource found for suffixes {-context.xml, Context.groovy}.
13:49:15.968 [main] INFO org.springframework.test.context.support.AnnotationConfigContextLoaderUtils - Could not detect default configuration classes for test class [org.example.repository.ProductRepositoryTest]: ProductRepositoryTest does not declare any static, non-private, non-final, nested classes annotated with @Configuration.
13:49:16.015 [main] DEBUG org.springframework.test.context.support.ActiveProfilesUtils - Could not find an 'annotation declaring class' for annotation type [org.springframework.test.context.ActiveProfiles] and class [org.example.repository.ProductRepositoryTest]
13:49:16.114 [main] DEBUG org.springframework.context.annotation.ClassPathScanningCandidateComponentProvider - Identified candidate component class: file [C:\Users\kelly\Documents\Projects\frameworks\spring-hibernate\target\classes\org\example\ApplicationHibernateExample.class]
13:49:16.115 [main] INFO org.springframework.boot.test.context.SpringBootTestContextBootstrapper - Found @SpringBootConfiguration org.example.ApplicationHibernateExample for test class org.example.repository.ProductRepositoryTest
13:49:16.228 [main] DEBUG org.springframework.boot.test.context.SpringBootTestContextBootstrapper - @TestExecutionListeners is not present for class [org.example.repository.ProductRepositoryTest]: using defaults.
13:49:16.228 [main] INFO org.springframework.boot.test.context.SpringBootTestContextBootstrapper - Loaded default TestExecutionListener class names from location [META-INF/spring.factories]: [org.springframework.test.context.web.ServletTestExecutionListener, org.springframework.test.context.support.DirtiesContextBeforeModesTestExecutionListener, org.springframework.test.context.support.DependencyInjectionTestExecutionListener, org.springframework.test.context.support.DirtiesContextTestExecutionListener, org.springframework.test.context.transaction.TransactionalTestExecutionListener, org.springframework.test.context.jdbc.SqlScriptsTestExecutionListener, org.springframework.test.context.event.EventPublishingTestExecutionListener, org.springframework.boot.test.mock.mockito.MockitoTestExecutionListener, org.springframework.boot.test.mock.mockito.ResetMocksTestExecutionListener, org.springframework.boot.test.autoconfigure.restdocs.RestDocsTestExecutionListener, org.springframework.boot.test.autoconfigure.web.client.MockRestServiceServerResetTestExecutionListener, org.springframework.boot.test.autoconfigure.web.servlet.MockMvcPrintOnlyOnFailureTestExecutionListener, org.springframework.boot.test.autoconfigure.web.servlet.WebDriverTestExecutionListener, org.springframework.boot.test.autoconfigure.webservices.client.MockWebServiceServerTestExecutionListener]
13:49:16.252 [main] INFO org.springframework.boot.test.context.SpringBootTestContextBootstrapper - Using TestExecutionListeners: [org.springframework.test.context.web.ServletTestExecutionListener@729d991e, org.springframework.test.context.support.DirtiesContextBeforeModesTestExecutionListener@31fa1761, org.springframework.boot.test.mock.mockito.MockitoTestExecutionListener@957e06, org.springframework.boot.test.autoconfigure.SpringBootDependencyInjectionTestExecutionListener@32502377, org.springframework.test.context.support.DirtiesContextTestExecutionListener@2c1b194a, org.springframework.test.context.transaction.TransactionalTestExecutionListener@4dbb42b7, org.springframework.test.context.jdbc.SqlScriptsTestExecutionListener@66f57048, org.springframework.test.context.event.EventPublishingTestExecutionListener@550dbc7a, org.springframework.boot.test.mock.mockito.ResetMocksTestExecutionListener@21282ed8, org.springframework.boot.test.autoconfigure.restdocs.RestDocsTestExecutionListener@36916eb0, org.springframework.boot.test.autoconfigure.web.client.MockRestServiceServerResetTestExecutionListener@7bab3f1a, org.springframework.boot.test.autoconfigure.web.servlet.MockMvcPrintOnlyOnFailureTestExecutionListener@437da279, org.springframework.boot.test.autoconfigure.web.servlet.WebDriverTestExecutionListener@23c30a20, org.springframework.boot.test.autoconfigure.webservices.client.MockWebServiceServerTestExecutionListener@1e1a0406]
13:49:16.255 [main] DEBUG org.springframework.test.annotation.ProfileValueUtils - Retrieved @ProfileValueSourceConfiguration [null] for test class [org.example.repository.ProductRepositoryTest]
13:49:16.257 [main] DEBUG org.springframework.test.annotation.ProfileValueUtils - Retrieved ProfileValueSource type [class org.springframework.test.annotation.SystemProfileValueSource] for class [org.example.repository.ProductRepositoryTest]
13:49:16.258 [main] DEBUG org.springframework.test.annotation.ProfileValueUtils - Retrieved @ProfileValueSourceConfiguration [null] for test class [org.example.repository.ProductRepositoryTest]
13:49:16.258 [main] DEBUG org.springframework.test.annotation.ProfileValueUtils - Retrieved ProfileValueSource type [class org.springframework.test.annotation.SystemProfileValueSource] for class [org.example.repository.ProductRepositoryTest]
13:49:16.262 [main] DEBUG org.springframework.test.annotation.ProfileValueUtils - Retrieved @ProfileValueSourceConfiguration [null] for test class [org.example.repository.ProductRepositoryTest]
13:49:16.262 [main] DEBUG org.springframework.test.annotation.ProfileValueUtils - Retrieved ProfileValueSource type [class org.springframework.test.annotation.SystemProfileValueSource] for class [org.example.repository.ProductRepositoryTest]
13:49:16.288 [main] DEBUG org.springframework.test.context.junit4.SpringJUnit4ClassRunner - SpringJUnit4ClassRunner constructor called with [class org.example.repository.ProductRepositoryTest]
13:49:16.288 [main] DEBUG org.springframework.test.context.BootstrapUtils - Instantiating CacheAwareContextLoaderDelegate from class [org.springframework.test.context.cache.DefaultCacheAwareContextLoaderDelegate]
13:49:16.288 [main] DEBUG org.springframework.test.context.BootstrapUtils - Instantiating BootstrapContext using constructor [public org.springframework.test.context.support.DefaultBootstrapContext(java.lang.Class,org.springframework.test.context.CacheAwareContextLoaderDelegate)]
13:49:16.288 [main] DEBUG org.springframework.test.context.BootstrapUtils - Instantiating TestContextBootstrapper for test class [org.example.repository.ProductRepositoryTest] from class [org.springframework.boot.test.context.SpringBootTestContextBootstrapper]
13:49:16.289 [main] INFO org.springframework.boot.test.context.SpringBootTestContextBootstrapper - Neither @ContextConfiguration nor @ContextHierarchy found for test class [org.example.repository.ProductRepositoryTest], using SpringBootContextLoader
13:49:16.290 [main] DEBUG org.springframework.test.context.support.AbstractContextLoader - Did not detect default resource location for test class [org.example.repository.ProductRepositoryTest]: class path resource [org/example/repository/ProductRepositoryTest-context.xml] does not exist
13:49:16.291 [main] DEBUG org.springframework.test.context.support.AbstractContextLoader - Did not detect default resource location for test class [org.example.repository.ProductRepositoryTest]: class path resource [org/example/repository/ProductRepositoryTestContext.groovy] does not exist
13:49:16.291 [main] INFO org.springframework.test.context.support.AbstractContextLoader - Could not detect default resource locations for test class [org.example.repository.ProductRepositoryTest]: no resource found for suffixes {-context.xml, Context.groovy}.
13:49:16.291 [main] INFO org.springframework.test.context.support.AnnotationConfigContextLoaderUtils - Could not detect default configuration classes for test class [org.example.repository.ProductRepositoryTest]: ProductRepositoryTest does not declare any static, non-private, non-final, nested classes annotated with @Configuration.
13:49:16.293 [main] DEBUG org.springframework.test.context.support.ActiveProfilesUtils - Could not find an 'annotation declaring class' for annotation type [org.springframework.test.context.ActiveProfiles] and class [org.example.repository.ProductRepositoryTest]
13:49:16.293 [main] INFO org.springframework.boot.test.context.SpringBootTestContextBootstrapper - Found @SpringBootConfiguration org.example.ApplicationHibernateExample for test class org.example.repository.ProductRepositoryTest
13:49:16.295 [main] DEBUG org.springframework.boot.test.context.SpringBootTestContextBootstrapper - @TestExecutionListeners is not present for class [org.example.repository.ProductRepositoryTest]: using defaults.
13:49:16.296 [main] INFO org.springframework.boot.test.context.SpringBootTestContextBootstrapper - Loaded default TestExecutionListener class names from location [META-INF/spring.factories]: [org.springframework.test.context.web.ServletTestExecutionListener, org.springframework.test.context.support.DirtiesContextBeforeModesTestExecutionListener, org.springframework.test.context.support.DependencyInjectionTestExecutionListener, org.springframework.test.context.support.DirtiesContextTestExecutionListener, org.springframework.test.context.transaction.TransactionalTestExecutionListener, org.springframework.test.context.jdbc.SqlScriptsTestExecutionListener, org.springframework.test.context.event.EventPublishingTestExecutionListener, org.springframework.boot.test.mock.mockito.MockitoTestExecutionListener, org.springframework.boot.test.mock.mockito.ResetMocksTestExecutionListener, org.springframework.boot.test.autoconfigure.restdocs.RestDocsTestExecutionListener, org.springframework.boot.test.autoconfigure.web.client.MockRestServiceServerResetTestExecutionListener, org.springframework.boot.test.autoconfigure.web.servlet.MockMvcPrintOnlyOnFailureTestExecutionListener, org.springframework.boot.test.autoconfigure.web.servlet.WebDriverTestExecutionListener, org.springframework.boot.test.autoconfigure.webservices.client.MockWebServiceServerTestExecutionListener]
13:49:16.296 [main] INFO org.springframework.boot.test.context.SpringBootTestContextBootstrapper - Using TestExecutionListeners: [org.springframework.test.context.web.ServletTestExecutionListener@2eae8e6e, org.springframework.test.context.support.DirtiesContextBeforeModesTestExecutionListener@8f2ef19, org.springframework.boot.test.mock.mockito.MockitoTestExecutionListener@470734c3, org.springframework.boot.test.autoconfigure.SpringBootDependencyInjectionTestExecutionListener@2cf3d63b, org.springframework.test.context.support.DirtiesContextTestExecutionListener@7674f035, org.springframework.test.context.transaction.TransactionalTestExecutionListener@69e153c5, org.springframework.test.context.jdbc.SqlScriptsTestExecutionListener@173ed316, org.springframework.test.context.event.EventPublishingTestExecutionListener@25ce9dc4, org.springframework.boot.test.mock.mockito.ResetMocksTestExecutionListener@74ea2410, org.springframework.boot.test.autoconfigure.restdocs.RestDocsTestExecutionListener@17f62e33, org.springframework.boot.test.autoconfigure.web.client.MockRestServiceServerResetTestExecutionListener@76b1e9b8, org.springframework.boot.test.autoconfigure.web.servlet.MockMvcPrintOnlyOnFailureTestExecutionListener@27406a17, org.springframework.boot.test.autoconfigure.web.servlet.WebDriverTestExecutionListener@2af004b, org.springframework.boot.test.autoconfigure.webservices.client.MockWebServiceServerTestExecutionListener@248e319b]
13:49:16.297 [main] DEBUG org.springframework.test.annotation.ProfileValueUtils - Retrieved @ProfileValueSourceConfiguration [null] for test class [org.example.repository.ProductRepositoryTest]
13:49:16.297 [main] DEBUG org.springframework.test.annotation.ProfileValueUtils - Retrieved ProfileValueSource type [class org.springframework.test.annotation.SystemProfileValueSource] for class [org.example.repository.ProductRepositoryTest]
13:49:16.297 [main] DEBUG org.springframework.test.annotation.ProfileValueUtils - Retrieved @ProfileValueSourceConfiguration [null] for test class [org.example.repository.ProductRepositoryTest]
13:49:16.297 [main] DEBUG org.springframework.test.annotation.ProfileValueUtils - Retrieved ProfileValueSource type [class org.springframework.test.annotation.SystemProfileValueSource] for class [org.example.repository.ProductRepositoryTest]
13:49:16.297 [main] DEBUG org.springframework.test.annotation.ProfileValueUtils - Retrieved @ProfileValueSourceConfiguration [null] for test class [org.example.repository.ProductRepositoryTest]
13:49:16.297 [main] DEBUG org.springframework.test.annotation.ProfileValueUtils - Retrieved ProfileValueSource type [class org.springframework.test.annotation.SystemProfileValueSource] for class [org.example.repository.ProductRepositoryTest]
13:49:16.361 [main] DEBUG org.springframework.test.annotation.ProfileValueUtils - Retrieved @ProfileValueSourceConfiguration [null] for test class [org.example.repository.ProductRepositoryTest]
13:49:16.361 [main] DEBUG org.springframework.test.annotation.ProfileValueUtils - Retrieved ProfileValueSource type [class org.springframework.test.annotation.SystemProfileValueSource] for class [org.example.repository.ProductRepositoryTest]
13:49:16.364 [main] DEBUG org.springframework.test.annotation.ProfileValueUtils - Retrieved @ProfileValueSourceConfiguration [null] for test class [org.example.repository.ProductRepositoryTest]
13:49:16.365 [main] DEBUG org.springframework.test.annotation.ProfileValueUtils - Retrieved ProfileValueSource type [class org.springframework.test.annotation.SystemProfileValueSource] for class [org.example.repository.ProductRepositoryTest]
13:49:16.365 [main] DEBUG org.springframework.test.annotation.ProfileValueUtils - Retrieved @ProfileValueSourceConfiguration [null] for test class [org.example.repository.ProductRepositoryTest]
13:49:16.366 [main] DEBUG org.springframework.test.annotation.ProfileValueUtils - Retrieved ProfileValueSource type [class org.springframework.test.annotation.SystemProfileValueSource] for class [org.example.repository.ProductRepositoryTest]
13:49:16.376 [main] DEBUG org.springframework.test.context.support.AbstractDirtiesContextTestExecutionListener - Before test class: context [DefaultTestContext@2254127a testClass = ProductRepositoryTest, testInstance = [null], testMethod = [null], testException = [null], mergedContextConfiguration = [WebMergedContextConfiguration@51891008 testClass = ProductRepositoryTest, locations = '{}', classes = '{class org.example.ApplicationHibernateExample}', contextInitializerClasses = '[]', activeProfiles = '{}', propertySourceLocations = '{}', propertySourceProperties = '{org.springframework.boot.test.context.SpringBootTestContextBootstrapper=true}', contextCustomizers = set[org.springframework.boot.test.context.filter.ExcludeFilterContextCustomizer@1f0f1111, org.springframework.boot.test.json.DuplicateJsonObjectContextCustomizerFactory$DuplicateJsonObjectContextCustomizer@6e0dec4a, org.springframework.boot.test.mock.mockito.MockitoContextCustomizer@0, org.springframework.boot.test.web.client.TestRestTemplateContextCustomizer@149e0f5d, org.springframework.boot.test.autoconfigure.properties.PropertyMappingContextCustomizer@0, org.springframework.boot.test.autoconfigure.web.servlet.WebDriverContextCustomizerFactory$Customizer@4b5d6a01, org.springframework.boot.test.context.SpringBootTestArgs@1], resourceBasePath = 'src/main/webapp', contextLoader = 'org.springframework.boot.test.context.SpringBootContextLoader', parent = [null]], attributes = map['org.springframework.test.context.web.ServletTestExecutionListener.activateListener' -> true]], class annotated with @DirtiesContext [false] with mode [null].
13:49:16.381 [main] DEBUG org.springframework.test.annotation.ProfileValueUtils - Retrieved @ProfileValueSourceConfiguration [null] for test class [org.example.repository.ProductRepositoryTest]
13:49:16.381 [main] DEBUG org.springframework.test.annotation.ProfileValueUtils - Retrieved ProfileValueSource type [class org.springframework.test.annotation.SystemProfileValueSource] for class [org.example.repository.ProductRepositoryTest]
13:49:16.425 [main] DEBUG org.springframework.test.context.support.TestPropertySourceUtils - Adding inlined properties to environment: {spring.jmx.enabled=false, org.springframework.boot.test.context.SpringBootTestContextBootstrapper=true}

  .   ____          _            __ _ _
 /\\ / ___'_ __ _ _(_)_ __  __ _ \ \ \ \
( ( )\___ | '_ | '_| | '_ \/ _` | \ \ \ \
 \\/  ___)| |_)| | | | | || (_| |  ) ) ) )
  '  |____| .__|_| |_|_| |_\__, | / / / /
 =========|_|==============|___/=/_/_/_/
 :: Spring Boot ::        (v2.3.0.RELEASE)

2020-09-30 13:49:16.914  INFO 10236 --- [           main] o.e.repository.ProductRepositoryTest     : Starting ProductRepositoryTest on DESKTOP-7GCN0QA with PID 10236 (started by kelly in C:\Users\kelly\Documents\Projects\frameworks\spring-hibernate)
2020-09-30 13:49:16.916  INFO 10236 --- [           main] o.e.repository.ProductRepositoryTest     : No active profile set, falling back to default profiles: default
2020-09-30 13:49:18.405  INFO 10236 --- [           main] .s.d.r.c.RepositoryConfigurationDelegate : Bootstrapping Spring Data JPA repositories in DEFERRED mode.
2020-09-30 13:49:18.518  INFO 10236 --- [           main] .s.d.r.c.RepositoryConfigurationDelegate : Finished Spring Data repository scanning in 100ms. Found 1 JPA repository interfaces.
2020-09-30 13:49:19.392  INFO 10236 --- [           main] o.s.s.concurrent.ThreadPoolTaskExecutor  : Initializing ExecutorService 'applicationTaskExecutor'
2020-09-30 13:49:19.545  INFO 10236 --- [         task-1] o.hibernate.jpa.internal.util.LogHelper  : HHH000204: Processing PersistenceUnitInfo [name: default]
2020-09-30 13:49:19.632  INFO 10236 --- [         task-1] org.hibernate.Version                    : HHH000412: Hibernate ORM core version 5.4.15.Final
2020-09-30 13:49:19.926  INFO 10236 --- [         task-1] o.hibernate.annotations.common.Version   : HCANN000001: Hibernate Commons Annotations {5.1.0.Final}
2020-09-30 13:49:20.109  WARN 10236 --- [           main] JpaBaseConfiguration$JpaWebConfiguration : spring.jpa.open-in-view is enabled by default. Therefore, database queries may be performed during view rendering. Explicitly configure spring.jpa.open-in-view to disable this warning
2020-09-30 13:49:22.282  INFO 10236 --- [         task-1] org.hibernate.dialect.Dialect            : HHH000400: Using dialect: org.hibernate.dialect.MySQL5Dialect
2020-09-30 13:49:23.051  INFO 10236 --- [         task-1] o.h.e.t.j.p.i.JtaPlatformInitiator       : HHH000490: Using JtaPlatform implementation: [org.hibernate.engine.transaction.jta.platform.internal.NoJtaPlatform]
2020-09-30 13:49:23.191  INFO 10236 --- [         task-1] j.LocalContainerEntityManagerFactoryBean : Initialized JPA EntityManagerFactory for persistence unit 'default'
2020-09-30 13:49:23.907  INFO 10236 --- [           main] o.s.b.a.e.web.EndpointLinksResolver      : Exposing 2 endpoint(s) beneath base path '/actuator'
2020-09-30 13:49:24.223  INFO 10236 --- [           main] pertySourcedRequestMappingHandlerMapping : Mapped URL path [/v2/api-docs] onto method [springfox.documentation.swagger2.web.Swagger2Controller#getDocumentation(String, HttpServletRequest)]
2020-09-30 13:49:25.392  INFO 10236 --- [           main] d.s.w.p.DocumentationPluginsBootstrapper : Context refreshed
2020-09-30 13:49:25.449  INFO 10236 --- [           main] d.s.w.p.DocumentationPluginsBootstrapper : Found 1 custom documentation plugin(s)
2020-09-30 13:49:25.506  INFO 10236 --- [           main] s.d.s.w.s.ApiListingReferenceScanner     : Scanning for api listing references
2020-09-30 13:49:25.789  INFO 10236 --- [           main] DeferredRepositoryInitializationListener : Triggering deferred initialization of Spring Data repositories…
2020-09-30 13:49:25.955  INFO 10236 --- [           main] DeferredRepositoryInitializationListener : Spring Data repositories initialized!
2020-09-30 13:49:25.971  INFO 10236 --- [           main] o.e.repository.ProductRepositoryTest     : Started ProductRepositoryTest in 9.537 seconds (JVM running for 10.767)
Hibernate: select * from product p where p.product_name=?
[]
]]></system-out>
  </testcase>
  <testcase name="testFindAll" classname="org.example.repository.ProductRepositoryTest" time="0.084">
    <system-out><![CDATA[Hibernate: select product0_.product_id as product_1_0_, product0_.product_desc as product_2_0_, product0_.product_name as product_3_0_ from product product0_
[Product(productId=1, productName=namebbb, productDesc=Test from JUnit4), Product(productId=2, productName=namebb, productDesc=Test from JUnit4), Product(productId=3, productName=nameb, productDesc=Test from JUnit4), Product(productId=4, productName=null, productDesc=null), Product(productId=5, productName=null, productDesc=null), Product(productId=6, productName=nameb, productDesc=Test from MockMvc), Product(productId=7, productName=nameb, productDesc=Test from JUnit4)]
]]></system-out>
  </testcase>
  <testcase name="testSave" classname="org.example.repository.ProductRepositoryTest" time="0.061">
    <system-out><![CDATA[Hibernate: insert into product (product_desc, product_name) values (?, ?)
Product(productId=8, productName=nameb, productDesc=Test from JUnit4)
]]></system-out>
  </testcase>
  <testcase name="testFindById" classname="org.example.repository.ProductRepositoryTest" time="0.022">
    <failure type="java.lang.AssertionError"><![CDATA[java.lang.AssertionError
	at org.example.repository.ProductRepositoryTest.testFindById(ProductRepositoryTest.java:30)
]]></failure>
    <system-out><![CDATA[Hibernate: select product0_.product_id as product_1_0_, product0_.product_desc as product_2_0_, product0_.product_name as product_3_0_ from product product0_ where product0_.product_id=?
]]></system-out>
  </testcase>
</testsuite>